*** Starting uWSGI 2.0.28 (64bit) on [Sun Dec 22 12:21:46 2024] ***
compiled with version: 13.3.0 on 22 December 2024 04:05:10
os: Linux-6.8.0-51-generic #52-Ubuntu SMP PREEMPT_DYNAMIC Thu Dec  5 13:09:44 UTC 2024
nodename: zhufeng
machine: x86_64
clock source: unix
detected number of CPU cores: 20
current working directory: /home/lifan/Code/test/rediect
writing pidfile to /home/lifan/Code/test/rediect/uwsgi.pid
detected binary path: /home/lifan/.pyenv/versions/3.11.11/envs/test/bin/uwsgi
!!! no internal routing support, rebuild with pcre support !!!
chdir() to /home/lifan/Code/test/rediect
your processes number limit is 255363
your memory page size is 4096 bytes
detected max file descriptor number: 1048576
lock engine: pthread robust mutexes
thunder lock: disabled (you can enable it with --thunder-lock)
uwsgi socket 0 bound to UNIX address /home/lifan/Code/test/rediect/uwsgi.sock fd 3
Python version: 3.11.11 (main, Dec 21 2024, 10:38:58) [GCC 13.3.0]
PEP 405 virtualenv detected: /home/lifan/.pyenv/versions/test/
Set PythonHome to /home/lifan/.pyenv/versions/test/
Python main interpreter initialized at 0x790fb19906b8
python threads support enabled
your server socket listen backlog is limited to 100 connections
your mercy for graceful operations on workers is 60 seconds
mapped 416880 bytes (407 KB) for 8 cores
*** Operational MODE: preforking+threaded ***
WSGI app 0 (mountpoint='') ready in 0 seconds on interpreter 0x790fb19906b8 pid: 14723 (default app)
*** uWSGI is running in multiple interpreter mode ***
spawned uWSGI master process (pid: 14723)
spawned uWSGI worker 1 (pid: 14744, cores: 2)
spawned uWSGI worker 2 (pid: 14745, cores: 2)
spawned uWSGI worker 3 (pid: 14747, cores: 2)
spawned uWSGI worker 4 (pid: 14749, cores: 2)
SIGINT/SIGTERM received...killing workers...
worker 1 buried after 1 seconds
worker 2 buried after 1 seconds
worker 3 buried after 1 seconds
worker 4 buried after 1 seconds
goodbye to uWSGI.
*** Starting uWSGI 2.0.28 (64bit) on [Sun Dec 22 12:25:36 2024] ***
compiled with version: 13.3.0 on 22 December 2024 04:05:10
os: Linux-6.8.0-51-generic #52-Ubuntu SMP PREEMPT_DYNAMIC Thu Dec  5 13:09:44 UTC 2024
nodename: zhufeng
machine: x86_64
clock source: unix
detected number of CPU cores: 20
current working directory: /home/lifan/Code/test/rediect
writing pidfile to /home/lifan/Code/test/rediect/uwsgi.pid
detected binary path: /home/lifan/.pyenv/versions/3.11.11/envs/test/bin/uwsgi
!!! no internal routing support, rebuild with pcre support !!!
chdir() to /home/lifan/Code/test/rediect
your processes number limit is 255363
your memory page size is 4096 bytes
detected max file descriptor number: 1048576
lock engine: pthread robust mutexes
thunder lock: disabled (you can enable it with --thunder-lock)
uWSGI http bound on :8000 fd 4
uwsgi socket 0 bound to TCP address 127.0.0.1:44837 (port auto-assigned) fd 3
Python version: 3.11.11 (main, Dec 21 2024, 10:38:58) [GCC 13.3.0]
PEP 405 virtualenv detected: /home/lifan/.pyenv/versions/test/
Set PythonHome to /home/lifan/.pyenv/versions/test/
Python main interpreter initialized at 0x79c4f19906b8
python threads support enabled
your server socket listen backlog is limited to 100 connections
your mercy for graceful operations on workers is 60 seconds
mapped 416880 bytes (407 KB) for 8 cores
*** Operational MODE: preforking+threaded ***
WSGI app 0 (mountpoint='') ready in 0 seconds on interpreter 0x79c4f19906b8 pid: 15056 (default app)
*** uWSGI is running in multiple interpreter mode ***
spawned uWSGI master process (pid: 15056)
spawned uWSGI worker 1 (pid: 15077, cores: 2)
spawned uWSGI worker 2 (pid: 15078, cores: 2)
spawned uWSGI worker 3 (pid: 15080, cores: 2)
spawned uWSGI worker 4 (pid: 15082, cores: 2)
spawned uWSGI http 1 (pid: 15084)
[pid: 15078|app: 0|req: 1/1] 127.0.0.1 () {52 vars in 967 bytes} [Sun Dec 22 04:25:50 2024] GET / => generated 2600 bytes in 35 msecs (HTTP/1.1 404) 7 headers in 229 bytes (1 switches on core 0)
SIGINT/SIGTERM received...killing workers...
gateway "uWSGI http 1" has been buried (pid: 15084)
worker 1 buried after 1 seconds
worker 2 buried after 1 seconds
worker 3 buried after 1 seconds
worker 4 buried after 1 seconds
goodbye to uWSGI.
