*** Starting uWSGI 2.0.28 (64bit) on [Sun Dec 22 12:18:07 2024] ***
compiled with version: 13.3.0 on 22 December 2024 04:05:10
os: Linux-6.8.0-51-generic #52-Ubuntu SMP PREEMPT_DYNAMIC Thu Dec  5 13:09:44 UTC 2024
nodename: zhufeng
machine: x86_64
clock source: unix
detected number of CPU cores: 20
current working directory: /home/lifan/Code/test/rediect
detected binary path: /home/lifan/.pyenv/versions/3.11.11/envs/test/bin/uwsgi
!!! no internal routing support, rebuild with pcre support !!!
chdir() to /home/lifan/Code/test/rediect
*** WARNING: you are running uWSGI without its master process manager ***
your processes number limit is 255363
your memory page size is 4096 bytes
detected max file descriptor number: 1048576
lock engine: pthread robust mutexes
thunder lock: disabled (you can enable it with --thunder-lock)
uwsgi socket 0 bound to UNIX address ./uwsgi.sock fd 3
Python version: 3.11.11 (main, Dec 21 2024, 10:38:58) [GCC 13.3.0]
PEP 405 virtualenv detected: /home/lifan/.pyenv/versions/test/
Set PythonHome to /home/lifan/.pyenv/versions/test/
Python main interpreter initialized at 0x76ad5d1906b8
python threads support enabled
your server socket listen backlog is limited to 100 connections
your mercy for graceful operations on workers is 60 seconds
mapped 333504 bytes (325 KB) for 8 cores
*** Operational MODE: preforking+threaded ***
WSGI app 0 (mountpoint='') ready in 0 seconds on interpreter 0x76ad5d1906b8 pid: 14599 (default app)
*** uWSGI is running in multiple interpreter mode ***
spawned uWSGI worker 1 (pid: 14599, cores: 2)
spawned uWSGI worker 2 (pid: 14600, cores: 2)
spawned uWSGI worker 3 (pid: 14601, cores: 2)
spawned uWSGI worker 4 (pid: 14603, cores: 2)
*** Starting uWSGI 2.0.28 (64bit) on [Sun Dec 22 12:18:53 2024] ***
compiled with version: 13.3.0 on 22 December 2024 04:05:10
os: Linux-6.8.0-51-generic #52-Ubuntu SMP PREEMPT_DYNAMIC Thu Dec  5 13:09:44 UTC 2024
nodename: zhufeng
machine: x86_64
clock source: unix
detected number of CPU cores: 20
current working directory: /home/lifan/Code/test/rediect
detected binary path: /home/lifan/.pyenv/versions/3.11.11/envs/test/bin/uwsgi
!!! no internal routing support, rebuild with pcre support !!!
chdir() to /home/lifan/Code/test/rediect
*** WARNING: you are running uWSGI without its master process manager ***
your processes number limit is 255363
your memory page size is 4096 bytes
detected max file descriptor number: 1048576
lock engine: pthread robust mutexes
thunder lock: disabled (you can enable it with --thunder-lock)
uWSGI http bound on :8000 fd 4
spawned uWSGI http 1 (pid: 14648)
uwsgi socket 0 bound to TCP address 127.0.0.1:37955 (port auto-assigned) fd 3
Python version: 3.11.11 (main, Dec 21 2024, 10:38:58) [GCC 13.3.0]
PEP 405 virtualenv detected: /home/lifan/.pyenv/versions/test/
Set PythonHome to /home/lifan/.pyenv/versions/test/
Python main interpreter initialized at 0x7d8dd99906b8
python threads support enabled
your server socket listen backlog is limited to 100 connections
your mercy for graceful operations on workers is 60 seconds
mapped 333504 bytes (325 KB) for 8 cores
*** Operational MODE: preforking+threaded ***
WSGI app 0 (mountpoint='') ready in 0 seconds on interpreter 0x7d8dd99906b8 pid: 14647 (default app)
*** uWSGI is running in multiple interpreter mode ***
spawned uWSGI worker 1 (pid: 14647, cores: 2)
spawned uWSGI worker 2 (pid: 14649, cores: 2)
spawned uWSGI worker 3 (pid: 14651, cores: 2)
spawned uWSGI worker 4 (pid: 14653, cores: 2)
[pid: 14647|app: 0|req: 1/1] 127.0.0.1 () {52 vars in 967 bytes} [Sun Dec 22 04:19:13 2024] GET /api => generated 2627 bytes in 35 msecs (HTTP/1.1 404) 7 headers in 229 bytes (1 switches on core 0)
[pid: 14647|app: 0|req: 2/2] 127.0.0.1 () {48 vars in 865 bytes} [Sun Dec 22 04:19:13 2024] GET /favicon.ico => generated 2651 bytes in 3 msecs (HTTP/1.1 404) 7 headers in 229 bytes (1 switches on core 1)
[pid: 14647|app: 0|req: 3/3] 127.0.0.1 () {50 vars in 937 bytes} [Sun Dec 22 04:19:22 2024] GET /api/ => generated 2929 bytes in 7 msecs (HTTP/1.1 404) 7 headers in 229 bytes (1 switches on core 0)
